{
  "RSpec": {
    "coverage": {
      "/vagrant/spec/support/default_url.rb": [
        1,
        1,
        39,
        null,
        1,
        null
      ],
      "/vagrant/spec/support/devise.rb": [
        1,
        1,
        null
      ],
      "/vagrant/spec/factories/abilities.rb": [
        1,
        null,
        1,
        null
      ],
      "/vagrant/spec/factories/attendees.rb": [
        null,
        null,
        1,
        1,
        1,
        1,
        null
      ],
      "/vagrant/spec/factories/magazines.rb": [
        1,
        1,
        1,
        null
      ],
      "/vagrant/spec/factories/meetings.rb": [
        1,
        1,
        1,
        null
      ],
      "/vagrant/spec/factories/packlets.rb": [
        1,
        1,
        1,
        null
      ],
      "/vagrant/spec/factories/pages.rb": [
        1,
        1,
        null
      ],
      "/vagrant/spec/factories/people.rb": [
        1,
        1,
        1,
        1,
        16,
        1,
        1,
        1,
        null
      ],
      "/vagrant/spec/factories/positions.rb": [
        1,
        1,
        null
      ],
      "/vagrant/spec/factories/publication_details.rb": [
        1,
        1,
        1,
        1,
        1,
        1,
        null
      ],
      "/vagrant/spec/factories/publications.rb": [
        1,
        1,
        1,
        1,
        1,
        null
      ],
      "/vagrant/spec/factories/submissions.rb": [
        1,
        16,
        16,
        1,
        1,
        null
      ]
    },
    "timestamp": 1381198730
  },
  "Cucumber Features": {
    "coverage": {
      "/vagrant/features/support/email.rb": [
        1
      ],
      "/vagrant/features/support/factory_girl.rb": [
        1,
        null,
        null,
        1
      ],
      "/vagrant/spec/factories/abilities.rb": [
        1,
        null,
        1,
        null
      ],
      "/vagrant/spec/factories/attendees.rb": [
        null,
        null,
        1,
        1,
        1,
        1,
        null
      ],
      "/vagrant/spec/factories/magazines.rb": [
        1,
        1,
        1,
        null
      ],
      "/vagrant/spec/factories/meetings.rb": [
        1,
        5,
        5,
        null
      ],
      "/vagrant/spec/factories/packlets.rb": [
        1,
        1,
        1,
        null
      ],
      "/vagrant/spec/factories/pages.rb": [
        1,
        1,
        null
      ],
      "/vagrant/spec/factories/people.rb": [
        1,
        1,
        1,
        1,
        40,
        1,
        1,
        1,
        null
      ],
      "/vagrant/spec/factories/positions.rb": [
        1,
        1,
        null
      ],
      "/vagrant/spec/factories/publication_details.rb": [
        1,
        1,
        1,
        1,
        1,
        1,
        null
      ],
      "/vagrant/spec/factories/publications.rb": [
        1,
        1,
        1,
        1,
        1,
        null
      ],
      "/vagrant/spec/factories/submissions.rb": [
        1,
        4,
        7,
        1,
        1,
        null
      ],
      "/vagrant/features/support/hooks.rb": [
        1,
        null,
        14,
        null
      ],
      "/vagrant/features/support/javascript_config.rb": [
        1,
        1
      ],
      "/vagrant/features/support/paths.rb": [
        1,
        null,
        null,
        null,
        null,
        null,
        null,
        1,
        65,
        null,
        null,
        5,
        null,
        null,
        null,
        null,
        null,
        null,
        null,
        null,
        13,
        null,
        null,
        1,
        1,
        null,
        null,
        2,
        null,
        null,
        1,
        null,
        null,
        1,
        null,
        null,
        1,
        1,
        null,
        null,
        0,
        null,
        null,
        14,
        14,
        11,
        null,
        3,
        null,
        14,
        null,
        null,
        4,
        4,
        null,
        null,
        23,
        23,
        23,
        23,
        0,
        0,
        null,
        null,
        null,
        null,
        null,
        null,
        1
      ],
      "/vagrant/features/support/selectors.rb": [
        1,
        null,
        null,
        null,
        null,
        null,
        null,
        1,
        4,
        null,
        null,
        0,
        null,
        null,
        null,
        null,
        null,
        null,
        null,
        null,
        null,
        null,
        null,
        null,
        null,
        null,
        null,
        null,
        null,
        4,
        null,
        null,
        0,
        null,
        null,
        null,
        null,
        null,
        1
      ],
      "/vagrant/features/step_definitions/ability_steps.rb": [
        1,
        17,
        17,
        17,
        null,
        null,
        null,
        null,
        17,
        17,
        17,
        17,
        17,
        17,
        17,
        null,
        null,
        1,
        7,
        7,
        7,
        7,
        7,
        7,
        7,
        7,
        7,
        7,
        7,
        null,
        null,
        1,
        2,
        2,
        2,
        null,
        null,
        null,
        null,
        2,
        2,
        2,
        2,
        2,
        2,
        2,
        2,
        null,
        null,
        1,
        1,
        1,
        null,
        null,
        null,
        null,
        1,
        1,
        1,
        null,
        null,
        1,
        1,
        1,
        1,
        1,
        null
      ],
      "/vagrant/features/step_definitions/attendee_steps.rb": [
        1,
        1,
        1,
        null
      ],
      "/vagrant/features/step_definitions/custom_web_steps.rb": [
        1,
        4,
        4,
        null,
        1,
        null,
        null,
        null,
        1,
        1,
        1,
        null,
        1,
        null,
        null,
        null,
        1,
        1,
        null,
        null,
        1,
        1,
        null,
        null,
        1,
        1,
        1,
        null,
        null,
        1,
        1,
        1,
        null,
        null,
        1,
        0,
        null,
        null,
        1,
        1,
        null,
        null,
        1,
        2,
        2,
        null,
        null,
        null,
        null,
        null,
        2,
        null,
        null,
        1,
        2,
        null,
        null,
        1,
        1,
        null,
        null,
        1,
        4,
        null,
        1,
        1,
        1,
        null,
        1,
        null,
        null,
        null,
        1,
        3,
        null,
        null,
        1,
        1,
        null
      ],
      "/vagrant/features/step_definitions/debug_steps.rb": [
        1,
        0,
        null,
        null,
        1,
        0,
        null
      ],
      "/vagrant/features/step_definitions/email_steps.rb": [
        null,
        null,
        null,
        null,
        null,
        null,
        null,
        null,
        null,
        null,
        null,
        null,
        null,
        null,
        null,
        null,
        null,
        null,
        null,
        null,
        null,
        null,
        null,
        null,
        null,
        null,
        1,
        1,
        null,
        null,
        null,
        16,
        null,
        null,
        null,
        1,
        null,
        null,
        null,
        null,
        null,
        null,
        1,
        4,
        null,
        null,
        null,
        null,
        null,
        null,
        1,
        3,
        null,
        null,
        1,
        2,
        null,
        null,
        1,
        0,
        null,
        null,
        1,
        11,
        null,
        null,
        1,
        0,
        null,
        null,
        null,
        null,
        null,
        null,
        null,
        1,
        0,
        null,
        null,
        1,
        2,
        null,
        null,
        1,
        0,
        null,
        null,
        1,
        0,
        null,
        null,
        null,
        null,
        null,
        null,
        1,
        0,
        null,
        null,
        1,
        0,
        null,
        null,
        1,
        0,
        null,
        null,
        1,
        0,
        null,
        null,
        1,
        0,
        null,
        null,
        1,
        3,
        null,
        null,
        1,
        0,
        null,
        null,
        1,
        0,
        null,
        null,
        1,
        0,
        null,
        null,
        1,
        0,
        null,
        null,
        null,
        null,
        null,
        null,
        1,
        0,
        null,
        null,
        1,
        0,
        null,
        null,
        1,
        0,
        null,
        null,
        1,
        0,
        null,
        null,
        1,
        0,
        null,
        null,
        1,
        0,
        0,
        null,
        null,
        null,
        1,
        0,
        null,
        null,
        null,
        null,
        null,
        null,
        1,
        0,
        null,
        null,
        1,
        0,
        null,
        null,
        null,
        null,
        null,
        null,
        null,
        null,
        1,
        0,
        null,
        null,
        1,
        0,
        null,
        null,
        1,
        0,
        null,
        null,
        1,
        0,
        null
      ],
      "/vagrant/features/step_definitions/magazine_steps.rb": [
        1,
        2,
        null,
        null,
        1,
        1,
        null,
        null,
        1,
        1,
        null,
        null,
        null,
        null,
        null,
        1,
        3,
        null,
        null,
        null,
        null,
        null,
        1,
        1,
        null,
        null,
        null,
        null,
        null,
        null,
        1,
        1,
        null,
        null,
        null,
        null,
        null,
        null,
        null,
        1,
        1,
        null,
        null,
        null,
        null,
        null,
        1,
        1,
        1,
        null,
        null,
        null,
        null,
        1,
        1,
        null,
        null,
        1,
        4,
        null,
        null,
        null,
        null,
        8,
        4,
        null,
        null,
        1,
        1,
        2,
        null,
        null,
        1,
        1,
        1,
        1,
        2,
        null,
        null,
        null,
        1,
        null,
        0,
        0,
        0,
        null,
        null,
        null,
        1,
        0,
        0,
        0,
        0,
        null,
        null,
        null,
        null,
        null,
        1,
        2,
        2,
        2,
        20,
        null,
        null,
        null,
        null,
        null,
        20,
        null,
        2,
        2,
        2,
        20,
        null,
        null,
        null,
        1,
        1,
        null,
        null,
        1,
        3,
        3,
        null,
        null,
        1,
        1,
        10,
        null,
        null,
        null,
        1,
        1,
        1,
        1,
        1,
        null,
        null,
        1,
        1,
        null,
        null,
        null,
        null,
        null,
        1,
        1,
        null,
        null,
        1,
        0,
        null,
        null,
        1,
        0,
        0,
        0,
        null
      ],
      "/vagrant/features/step_definitions/meeting_steps.rb": [
        1,
        1,
        null,
        null,
        1,
        1,
        null
      ],
      "/vagrant/features/step_definitions/packlet_steps.rb": [
        1,
        0,
        null,
        null,
        1,
        0,
        0,
        0,
        0,
        0,
        null,
        null,
        1,
        0,
        0,
        0,
        null,
        null,
        1,
        0,
        0,
        0,
        null,
        null,
        1,
        0,
        0,
        null,
        0,
        0,
        null,
        0,
        null,
        null,
        1,
        0,
        0,
        0,
        0,
        null,
        null,
        null,
        1,
        0,
        0,
        0,
        null,
        null,
        null,
        1,
        0,
        null,
        null,
        1,
        0,
        null
      ],
      "/vagrant/features/step_definitions/page_steps.rb": [
        1,
        3,
        null
      ],
      "/vagrant/features/step_definitions/person_steps.rb": [
        1,
        1,
        2,
        2,
        null,
        null,
        null,
        null,
        null,
        null,
        2,
        null,
        null,
        null,
        1,
        10,
        null,
        null,
        null,
        null,
        null,
        10,
        10,
        10,
        10,
        10,
        null,
        null,
        1,
        0,
        null,
        null,
        1,
        1,
        null,
        null,
        null,
        null,
        null,
        1,
        null,
        null,
        1,
        1,
        null
      ],
      "/vagrant/features/step_definitions/pseudonym_steps.rb": [
        1,
        1,
        null,
        null,
        null,
        null,
        null,
        1,
        null,
        null,
        null,
        null,
        1,
        null,
        null,
        null,
        null,
        null,
        null,
        null,
        null
      ],
      "/vagrant/features/step_definitions/registration_steps.rb": [
        1,
        0,
        0,
        null,
        null,
        null,
        1,
        0,
        0,
        null,
        null
      ],
      "/vagrant/features/step_definitions/score_steps.rb": [
        1,
        null,
        null,
        1,
        1,
        null,
        null,
        null,
        null,
        1,
        1,
        null,
        null,
        1,
        2,
        null,
        null,
        null,
        null,
        null,
        1,
        2,
        2,
        2,
        2,
        2,
        null,
        null,
        1,
        3,
        3,
        3,
        null,
        null,
        null,
        null,
        1,
        2,
        null,
        null,
        1,
        1,
        null,
        null,
        1,
        1,
        null
      ],
      "/vagrant/features/step_definitions/submission_steps.rb": [
        1,
        1,
        1,
        null,
        null,
        1,
        1,
        null,
        null,
        null,
        1,
        2,
        null,
        null,
        null,
        null,
        1,
        1,
        1,
        1,
        null,
        null,
        1,
        1,
        1,
        1,
        null,
        null,
        null,
        null,
        1,
        1,
        1,
        1,
        1,
        1,
        1,
        null,
        null,
        1,
        2,
        2,
        null,
        null,
        1,
        1,
        null,
        null,
        1,
        0,
        null,
        null,
        1,
        1,
        null,
        null,
        1,
        5,
        null,
        null,
        null,
        null,
        null,
        null,
        1,
        1,
        null
      ],
      "/vagrant/features/step_definitions/web_steps.rb": [
        null,
        null,
        null,
        null,
        null,
        null,
        null,
        null,
        null,
        null,
        null,
        null,
        null,
        null,
        null,
        null,
        null,
        null,
        null,
        null,
        null,
        1,
        1,
        1,
        1,
        null,
        1,
        1,
        8,
        null,
        null,
        1,
        null,
        null,
        1,
        8,
        null,
        null,
        null,
        1,
        0,
        null,
        null,
        1,
        42,
        null,
        null,
        1,
        4,
        null,
        null,
        1,
        36,
        null,
        null,
        1,
        20,
        null,
        null,
        1,
        52,
        null,
        null,
        1,
        0,
        null,
        null,
        null,
        null,
        null,
        null,
        null,
        null,
        null,
        null,
        null,
        null,
        null,
        1,
        17,
        44,
        null,
        null,
        null,
        1,
        1,
        null,
        null,
        1,
        0,
        null,
        null,
        1,
        1,
        null,
        null,
        1,
        0,
        null,
        null,
        1,
        0,
        null,
        null,
        1,
        30,
        30,
        null,
        0,
        null,
        null,
        null,
        1,
        0,
        null,
        0,
        0,
        null,
        0,
        null,
        null,
        null,
        1,
        9,
        9,
        null,
        0,
        null,
        null,
        null,
        1,
        0,
        null,
        0,
        0,
        null,
        0,
        null,
        null,
        null,
        1,
        0,
        0,
        0,
        0,
        0,
        null,
        0,
        null,
        null,
        null,
        null,
        1,
        0,
        0,
        0,
        0,
        0,
        null,
        0,
        null,
        null,
        null,
        null,
        1,
        0,
        0,
        0,
        0,
        null,
        0,
        null,
        null,
        null,
        null,
        1,
        0,
        0,
        0,
        0,
        null,
        0,
        null,
        null,
        null,
        null,
        1,
        19,
        19,
        19,
        null,
        0,
        null,
        null,
        null,
        1,
        0,
        0,
        0,
        0,
        null,
        0,
        0,
        null,
        0,
        null,
        null,
        null,
        1,
        0,
        null
      ]
    },
    "timestamp": 1381200429
  }
}
